<?xml version="1.0" encoding="UTF-8"?>
<!-- Generated by org.testng.reporters.JUnitXMLReporter -->
<testsuite hostname="idea-PC" ignored="1" name="Default test" tests="1" failures="0" timestamp="15 Aug 2018 08:32:04 GMT" time="5.999" errors="0">
  <testcase name="getAPITestWithoutHeaders" time="5.889" classname="com.scp.qa.tests.GetApiTest"/>
  <testcase name="getAPITestWithHeader" time="0.0" classname="com.scp.qa.tests.GetApiTest">
    <ignored/>
  </testcase> <!-- getAPITestWithHeader -->
</testsuite> <!-- Default test -->
