<?xml version="1.0" encoding="UTF-8"?>
<!-- Generated by org.testng.reporters.JUnitXMLReporter -->
<testsuite hostname="idea-PC" ignored="1" name="getcall" tests="1" failures="0" timestamp="04 Aug 2018 16:58:29 GMT" time="2.707" errors="0">
  <testcase name="getAPITestWithoutHeaders" time="2.682" classname="com.scp.qa.tests.GetApiTest"/>
  <testcase name="getAPITestWithHeader" time="0.0" classname="com.scp.qa.tests.GetApiTest">
    <ignored/>
  </testcase> <!-- getAPITestWithHeader -->
</testsuite> <!-- getcall -->
