<?xml version="1.0" encoding="UTF-8"?>
<testng-results skipped="0" failed="0" ignored="0" total="2" passed="2">
  <reporter-output>
  </reporter-output>
  <suite name="Suite1" duration-ms="3345" started-at="2018-08-15T08:49:19Z" finished-at="2018-08-15T08:49:22Z">
    <groups>
    </groups>
    <test name="GetApiTest" duration-ms="3345" started-at="2018-08-15T08:49:19Z" finished-at="2018-08-15T08:49:22Z">
      <class name="com.scp.qa.tests.GetApiTest">
        <test-method status="PASS" signature="setup()[pri:0, instance:com.scp.qa.tests.GetApiTest@46d56d67]" name="setup" is-config="true" duration-ms="5" started-at="2018-08-15T14:19:19Z" finished-at="2018-08-15T14:19:19Z">
          <reporter-output>
          </reporter-output>
        </test-method> <!-- setup -->
        <test-method status="PASS" signature="getAPITestWithoutHeaders()[pri:1, instance:com.scp.qa.tests.GetApiTest@46d56d67]" name="getAPITestWithoutHeaders" duration-ms="2113" started-at="2018-08-15T14:19:19Z" finished-at="2018-08-15T14:19:21Z">
          <reporter-output>
          </reporter-output>
        </test-method> <!-- getAPITestWithoutHeaders -->
        <test-method status="PASS" signature="getAPITestWithHeader()[pri:2, instance:com.scp.qa.tests.GetApiTest@46d56d67]" name="getAPITestWithHeader" duration-ms="1207" started-at="2018-08-15T14:19:21Z" finished-at="2018-08-15T14:19:22Z">
          <reporter-output>
          </reporter-output>
        </test-method> <!-- getAPITestWithHeader -->
        <test-method status="PASS" signature="setup()[pri:0, instance:com.scp.qa.tests.GetApiTest@46d56d67]" name="setup" is-config="true" duration-ms="0" started-at="2018-08-15T14:19:21Z" finished-at="2018-08-15T14:19:21Z">
          <reporter-output>
          </reporter-output>
        </test-method> <!-- setup -->
      </class> <!-- com.scp.qa.tests.GetApiTest -->
    </test> <!-- GetApiTest -->
  </suite> <!-- Suite1 -->
</testng-results>
